[debug] [2024-02-21T19:04:51.416Z] ----------------------------------------------------------------------
[debug] [2024-02-21T19:04:51.417Z] Command:       /Users/jonathanmartin/.nvm/versions/node/v18.19.0/bin/node /usr/local/bin/firebase init
[debug] [2024-02-21T19:04:51.417Z] CLI Version:   13.0.2
[debug] [2024-02-21T19:04:51.418Z] Platform:      darwin
[debug] [2024-02-21T19:04:51.418Z] Node Version:  v18.19.0
[debug] [2024-02-21T19:04:51.419Z] Time:          Wed Feb 21 2024 11:04:51 GMT-0800 (Pacific Standard Time)
[debug] [2024-02-21T19:04:51.419Z] ----------------------------------------------------------------------
[debug] 
[debug] [2024-02-21T19:04:51.420Z] >>> [apiv2][query] GET https://firebase-public.firebaseio.com/cli.json [none]
[debug] [2024-02-21T19:04:51.443Z] > command requires scopes: ["email","openid","https://www.googleapis.com/auth/cloudplatformprojects.readonly","https://www.googleapis.com/auth/firebase","https://www.googleapis.com/auth/cloud-platform"]
[debug] [2024-02-21T19:04:51.443Z] > authorizing via signed-in user (jonmartin@neuroleadership.com)
[info] 
     ######## #### ########  ######## ########     ###     ######  ########
     ##        ##  ##     ## ##       ##     ##  ##   ##  ##       ##
     ######    ##  ########  ######   ########  #########  ######  ######
     ##        ##  ##    ##  ##       ##     ## ##     ##       ## ##
     ##       #### ##     ## ######## ########  ##     ##  ######  ########

You're about to initialize a Firebase project in this directory:

  /Users/jonathanmartin/Projects/python for firebase

[debug] [2024-02-21T19:04:51.587Z] <<< [apiv2][status] GET https://firebase-public.firebaseio.com/cli.json 200
[debug] [2024-02-21T19:04:51.587Z] <<< [apiv2][body] GET https://firebase-public.firebaseio.com/cli.json {"cloudBuildErrorAfter":1594252800000,"cloudBuildWarnAfter":1590019200000,"defaultNode10After":1594252800000,"minVersion":"3.0.5","node8DeploysDisabledAfter":1613390400000,"node8RuntimeDisabledAfter":1615809600000,"node8WarnAfter":1600128000000}
[info] 
=== Project Setup
[info] 
[info] First, let's associate this project directory with a Firebase project.
[info] You can create multiple project aliases by running firebase use --add, 
[info] but for now we'll just set up a default project.
[info] 
[debug] [2024-02-21T19:11:25.377Z] > refreshing access token with scopes: []
[debug] [2024-02-21T19:11:25.377Z] >>> [apiv2][query] POST https://www.googleapis.com/oauth2/v3/token [none]
[debug] [2024-02-21T19:11:25.378Z] >>> [apiv2][body] POST https://www.googleapis.com/oauth2/v3/token [omitted]
[debug] [2024-02-21T19:11:25.557Z] <<< [apiv2][status] POST https://www.googleapis.com/oauth2/v3/token 200
[debug] [2024-02-21T19:11:25.557Z] <<< [apiv2][body] POST https://www.googleapis.com/oauth2/v3/token [omitted]
[debug] [2024-02-21T19:11:25.585Z] >>> [apiv2][query] GET https://firebase.googleapis.com/v1beta1/projects pageSize=100
[debug] [2024-02-21T19:11:26.200Z] <<< [apiv2][status] GET https://firebase.googleapis.com/v1beta1/projects 200
[debug] [2024-02-21T19:11:26.200Z] <<< [apiv2][body] GET https://firebase.googleapis.com/v1beta1/projects [omitted]
[info] i  Using project niles-8df14 (NILES) 
[info] 
=== Database Setup
[info] i  database: ensuring required API firebasedatabase.googleapis.com is enabled... 
[debug] [2024-02-21T19:11:32.198Z] >>> [apiv2][query] GET https://serviceusage.googleapis.com/v1/projects/niles-8df14/services/firebasedatabase.googleapis.com [none]
[debug] [2024-02-21T19:11:32.198Z] >>> [apiv2][(partial)header] GET https://serviceusage.googleapis.com/v1/projects/niles-8df14/services/firebasedatabase.googleapis.com x-goog-quota-user=projects/niles-8df14
[debug] [2024-02-21T19:11:32.707Z] <<< [apiv2][status] GET https://serviceusage.googleapis.com/v1/projects/niles-8df14/services/firebasedatabase.googleapis.com 200
[debug] [2024-02-21T19:11:32.708Z] <<< [apiv2][body] GET https://serviceusage.googleapis.com/v1/projects/niles-8df14/services/firebasedatabase.googleapis.com [omitted]
[warn] ⚠  database: missing required API firebasedatabase.googleapis.com. Enabling now... 
[debug] [2024-02-21T19:11:32.709Z] >>> [apiv2][query] POST https://serviceusage.googleapis.com/v1/projects/niles-8df14/services/firebasedatabase.googleapis.com:enable [none]
[debug] [2024-02-21T19:11:32.709Z] >>> [apiv2][(partial)header] POST https://serviceusage.googleapis.com/v1/projects/niles-8df14/services/firebasedatabase.googleapis.com:enable x-goog-quota-user=projects/niles-8df14
[debug] [2024-02-21T19:11:33.333Z] <<< [apiv2][status] POST https://serviceusage.googleapis.com/v1/projects/niles-8df14/services/firebasedatabase.googleapis.com:enable 200
[debug] [2024-02-21T19:11:33.333Z] <<< [apiv2][body] POST https://serviceusage.googleapis.com/v1/projects/niles-8df14/services/firebasedatabase.googleapis.com:enable [omitted]
[debug] [2024-02-21T19:11:43.335Z] >>> [apiv2][query] GET https://serviceusage.googleapis.com/v1/projects/niles-8df14/services/firebasedatabase.googleapis.com [none]
[debug] [2024-02-21T19:11:43.336Z] >>> [apiv2][(partial)header] GET https://serviceusage.googleapis.com/v1/projects/niles-8df14/services/firebasedatabase.googleapis.com x-goog-quota-user=projects/niles-8df14
[debug] [2024-02-21T19:11:43.790Z] <<< [apiv2][status] GET https://serviceusage.googleapis.com/v1/projects/niles-8df14/services/firebasedatabase.googleapis.com 200
[debug] [2024-02-21T19:11:43.790Z] <<< [apiv2][body] GET https://serviceusage.googleapis.com/v1/projects/niles-8df14/services/firebasedatabase.googleapis.com [omitted]
[info] ✔  database: required API firebasedatabase.googleapis.com is enabled 
[info] 
[debug] [2024-02-21T19:11:43.794Z] >>> [apiv2][query] GET https://firebase.googleapis.com/v1beta1/projects/niles-8df14 [none]
[debug] [2024-02-21T19:11:44.025Z] <<< [apiv2][status] GET https://firebase.googleapis.com/v1beta1/projects/niles-8df14 200
[debug] [2024-02-21T19:11:44.025Z] <<< [apiv2][body] GET https://firebase.googleapis.com/v1beta1/projects/niles-8df14 {"projectId":"niles-8df14","projectNumber":"728013158555","displayName":"NILES","name":"projects/niles-8df14","resources":{"hostingSite":"niles-8df14","storageBucket":"niles-8df14.appspot.com","locationId":"us-central"},"state":"ACTIVE","etag":"1_4087619d-2613-4d6d-b4c9-900140e5e017"}
[info] 
[info] Firebase Realtime Database Security Rules allow you to define how your data should be
[info] structured and when your data can be read from and written to.
[info] 
[info] ✔  Default rules have been written to database.rules.json. 
[info] Future modifications to database.rules.json will update Realtime Database Security Rules when you run
[info] firebase deploy.
[info] 
=== Firestore Setup
[debug] [2024-02-21T19:21:30.545Z] >>> [apiv2][query] GET https://serviceusage.googleapis.com/v1/projects/niles-8df14/services/firestore.googleapis.com [none]
[debug] [2024-02-21T19:21:30.545Z] >>> [apiv2][(partial)header] GET https://serviceusage.googleapis.com/v1/projects/niles-8df14/services/firestore.googleapis.com x-goog-quota-user=projects/niles-8df14
[debug] [2024-02-21T19:21:31.087Z] <<< [apiv2][status] GET https://serviceusage.googleapis.com/v1/projects/niles-8df14/services/firestore.googleapis.com 200
[debug] [2024-02-21T19:21:31.087Z] <<< [apiv2][body] GET https://serviceusage.googleapis.com/v1/projects/niles-8df14/services/firestore.googleapis.com [omitted]
[debug] [2024-02-21T19:21:31.087Z] >>> [apiv2][query] GET https://firestore.googleapis.com/v1/projects/niles-8df14/databases/(default) [none]
[debug] [2024-02-21T19:21:31.494Z] <<< [apiv2][status] GET https://firestore.googleapis.com/v1/projects/niles-8df14/databases/(default) 200
[debug] [2024-02-21T19:21:31.494Z] <<< [apiv2][body] GET https://firestore.googleapis.com/v1/projects/niles-8df14/databases/(default) {"name":"projects/niles-8df14/databases/(default)","uid":"5e143718-15ae-48f0-808f-6c4765caec42","createTime":"2023-12-25T01:06:00.551076Z","updateTime":"2023-12-25T01:06:00.551076Z","locationId":"nam5","type":"FIRESTORE_NATIVE","concurrencyMode":"PESSIMISTIC","versionRetentionPeriod":"3600s","earliestVersionTime":"2024-02-21T18:21:31.518835Z","appEngineIntegrationMode":"DISABLED","keyPrefix":"s","pointInTimeRecoveryEnablement":"POINT_IN_TIME_RECOVERY_DISABLED","deleteProtectionState":"DELETE_PROTECTION_DISABLED","etag":"INfZ5d+TvYQDMIHHnLGL0YMD"}
[debug] [2024-02-21T19:21:31.494Z] database_type: FIRESTORE_NATIVE
[debug] [2024-02-21T19:21:31.495Z] > command requires scopes: ["email","openid","https://www.googleapis.com/auth/cloudplatformprojects.readonly","https://www.googleapis.com/auth/firebase","https://www.googleapis.com/auth/cloud-platform"]
[debug] [2024-02-21T19:21:31.495Z] > authorizing via signed-in user (jonmartin@neuroleadership.com)
[debug] [2024-02-21T19:21:31.495Z] [iam] checking project niles-8df14 for permissions ["firebase.projects.get"]
[debug] [2024-02-21T19:21:31.496Z] >>> [apiv2][query] POST https://cloudresourcemanager.googleapis.com/v1/projects/niles-8df14:testIamPermissions [none]
[debug] [2024-02-21T19:21:31.496Z] >>> [apiv2][(partial)header] POST https://cloudresourcemanager.googleapis.com/v1/projects/niles-8df14:testIamPermissions x-goog-quota-user=projects/niles-8df14
[debug] [2024-02-21T19:21:31.496Z] >>> [apiv2][body] POST https://cloudresourcemanager.googleapis.com/v1/projects/niles-8df14:testIamPermissions {"permissions":["firebase.projects.get"]}
[debug] [2024-02-21T19:21:31.751Z] <<< [apiv2][status] POST https://cloudresourcemanager.googleapis.com/v1/projects/niles-8df14:testIamPermissions 200
[debug] [2024-02-21T19:21:31.752Z] <<< [apiv2][body] POST https://cloudresourcemanager.googleapis.com/v1/projects/niles-8df14:testIamPermissions {"permissions":["firebase.projects.get"]}
[info] 
[info] Firestore Security Rules allow you to define how and when to allow
[info] requests. You can keep these rules in your project directory
[info] and publish them with firebase deploy.
[info] 
[debug] [2024-02-21T19:21:40.062Z] >>> [apiv2][query] GET https://firebaserules.googleapis.com/v1/projects/niles-8df14/releases pageSize=10&pageToken=
[debug] [2024-02-21T19:21:40.388Z] <<< [apiv2][status] GET https://firebaserules.googleapis.com/v1/projects/niles-8df14/releases 200
[debug] [2024-02-21T19:21:40.389Z] <<< [apiv2][body] GET https://firebaserules.googleapis.com/v1/projects/niles-8df14/releases {"releases":[{"name":"projects/niles-8df14/releases/cloud.firestore","rulesetName":"projects/niles-8df14/rulesets/e98fa5d3-f98a-40ee-9d7a-df6466caecae","createTime":"2023-12-25T01:06:03.477488Z","updateTime":"2023-12-25T05:56:12.283639Z"},{"name":"projects/niles-8df14/releases/firebase.storage/niles-8df14.appspot.com","rulesetName":"projects/niles-8df14/rulesets/af84da40-bedb-4dbe-b508-903422230701","createTime":"2023-12-25T01:23:04.767837Z","updateTime":"2023-12-25T05:56:12.025669Z"}]}
[debug] [2024-02-21T19:21:40.389Z] Found ruleset: projects/niles-8df14/rulesets/e98fa5d3-f98a-40ee-9d7a-df6466caecae
[debug] [2024-02-21T19:21:40.389Z] >>> [apiv2][query] GET https://firebaserules.googleapis.com/v1/projects/niles-8df14/rulesets/e98fa5d3-f98a-40ee-9d7a-df6466caecae [none]
[debug] [2024-02-21T19:21:40.566Z] <<< [apiv2][status] GET https://firebaserules.googleapis.com/v1/projects/niles-8df14/rulesets/e98fa5d3-f98a-40ee-9d7a-df6466caecae 200
[debug] [2024-02-21T19:21:40.566Z] <<< [apiv2][body] GET https://firebaserules.googleapis.com/v1/projects/niles-8df14/rulesets/e98fa5d3-f98a-40ee-9d7a-df6466caecae [omitted]
[info] 
[info] Firestore indexes allow you to perform complex queries while
[info] maintaining performance that scales with the size of the result
[info] set. You can keep index definitions in your project directory
[info] and publish them with firebase deploy.
[info] 
[debug] [2024-02-21T19:21:55.479Z] >>> [apiv2][query] GET https://firestore.googleapis.com/v1/projects/niles-8df14/databases/(default)/collectionGroups/-/indexes [none]
[debug] [2024-02-21T19:21:55.481Z] >>> [apiv2][query] GET https://firestore.googleapis.com/v1/projects/niles-8df14/databases/(default)/collectionGroups/-/fields?filter=indexConfig.usesAncestorConfig=false OR ttlConfig:* [none]
[debug] [2024-02-21T19:21:55.849Z] <<< [apiv2][status] GET https://firestore.googleapis.com/v1/projects/niles-8df14/databases/(default)/collectionGroups/-/indexes 200
[debug] [2024-02-21T19:21:55.849Z] <<< [apiv2][body] GET https://firestore.googleapis.com/v1/projects/niles-8df14/databases/(default)/collectionGroups/-/indexes {}
[debug] [2024-02-21T19:21:55.850Z] <<< [apiv2][status] GET https://firestore.googleapis.com/v1/projects/niles-8df14/databases/(default)/collectionGroups/-/fields?filter=indexConfig.usesAncestorConfig=false OR ttlConfig:* 200
[debug] [2024-02-21T19:21:55.850Z] <<< [apiv2][body] GET https://firestore.googleapis.com/v1/projects/niles-8df14/databases/(default)/collectionGroups/-/fields?filter=indexConfig.usesAncestorConfig=false OR ttlConfig:* {"fields":[{"name":"projects/niles-8df14/databases/(default)/collectionGroups/__default__/fields/*","indexConfig":{"indexes":[{"queryScope":"COLLECTION","fields":[{"fieldPath":"*","order":"ASCENDING"}],"state":"READY"},{"queryScope":"COLLECTION","fields":[{"fieldPath":"*","order":"DESCENDING"}],"state":"READY"},{"queryScope":"COLLECTION","fields":[{"fieldPath":"*","arrayConfig":"CONTAINS"}],"state":"READY"}]}}]}
[info] 
=== Functions Setup
[debug] [2024-02-21T19:21:55.852Z] > command requires scopes: ["email","openid","https://www.googleapis.com/auth/cloudplatformprojects.readonly","https://www.googleapis.com/auth/firebase","https://www.googleapis.com/auth/cloud-platform"]
[debug] [2024-02-21T19:21:55.852Z] > authorizing via signed-in user (jonmartin@neuroleadership.com)
[debug] [2024-02-21T19:21:55.852Z] [iam] checking project niles-8df14 for permissions ["firebase.projects.get"]
[debug] [2024-02-21T19:21:55.853Z] >>> [apiv2][query] POST https://cloudresourcemanager.googleapis.com/v1/projects/niles-8df14:testIamPermissions [none]
[debug] [2024-02-21T19:21:55.853Z] >>> [apiv2][(partial)header] POST https://cloudresourcemanager.googleapis.com/v1/projects/niles-8df14:testIamPermissions x-goog-quota-user=projects/niles-8df14
[debug] [2024-02-21T19:21:55.853Z] >>> [apiv2][body] POST https://cloudresourcemanager.googleapis.com/v1/projects/niles-8df14:testIamPermissions {"permissions":["firebase.projects.get"]}
[debug] [2024-02-21T19:21:56.071Z] <<< [apiv2][status] POST https://cloudresourcemanager.googleapis.com/v1/projects/niles-8df14:testIamPermissions 200
[debug] [2024-02-21T19:21:56.071Z] <<< [apiv2][body] POST https://cloudresourcemanager.googleapis.com/v1/projects/niles-8df14:testIamPermissions {"permissions":["firebase.projects.get"]}
[debug] [2024-02-21T19:21:56.072Z] >>> [apiv2][query] GET https://serviceusage.googleapis.com/v1/projects/niles-8df14/services/cloudfunctions.googleapis.com [none]
[debug] [2024-02-21T19:21:56.072Z] >>> [apiv2][(partial)header] GET https://serviceusage.googleapis.com/v1/projects/niles-8df14/services/cloudfunctions.googleapis.com x-goog-quota-user=projects/niles-8df14
[debug] [2024-02-21T19:21:56.074Z] >>> [apiv2][query] GET https://serviceusage.googleapis.com/v1/projects/niles-8df14/services/runtimeconfig.googleapis.com [none]
[debug] [2024-02-21T19:21:56.074Z] >>> [apiv2][(partial)header] GET https://serviceusage.googleapis.com/v1/projects/niles-8df14/services/runtimeconfig.googleapis.com x-goog-quota-user=projects/niles-8df14
[debug] [2024-02-21T19:21:56.518Z] <<< [apiv2][status] GET https://serviceusage.googleapis.com/v1/projects/niles-8df14/services/runtimeconfig.googleapis.com 200
[debug] [2024-02-21T19:21:56.518Z] <<< [apiv2][body] GET https://serviceusage.googleapis.com/v1/projects/niles-8df14/services/runtimeconfig.googleapis.com [omitted]
[debug] [2024-02-21T19:21:56.554Z] <<< [apiv2][status] GET https://serviceusage.googleapis.com/v1/projects/niles-8df14/services/cloudfunctions.googleapis.com 200
[debug] [2024-02-21T19:21:56.554Z] <<< [apiv2][body] GET https://serviceusage.googleapis.com/v1/projects/niles-8df14/services/cloudfunctions.googleapis.com [omitted]
[info] Let's create a new codebase for your functions.
[info] A directory corresponding to the codebase will be created in your project
[info] with sample code pre-configured.

[info] See https://firebase.google.com/docs/functions/organize-functions for
[info] more information on organizing your functions using codebases.

[info] Functions can be deployed with firebase deploy.

[info] ✔  Wrote functions/requirements.txt 
[info] ✔  Wrote functions/.gitignore 
[info] ✔  Wrote functions/main.py 
[debug] [2024-02-21T19:24:46.493Z] Running command with virtualenv: command=., args=["\"/Users/jonathanmartin/Projects/python for firebase/functions/venv/bin/activate\"","&&","pip3","install","--upgrade","pip"]
[debug] [2024-02-21T19:24:48.476Z] Running command with virtualenv: command=., args=["\"/Users/jonathanmartin/Projects/python for firebase/functions/venv/bin/activate\"","&&","python3.11","-m","pip","install","-r","requirements.txt"]
[info] 
=== Hosting Setup
[debug] [2024-02-21T19:24:58.166Z] >>> [apiv2][query] GET https://firebase.googleapis.com/v1beta1/projects/niles-8df14 [none]
[debug] [2024-02-21T19:24:58.362Z] <<< [apiv2][status] GET https://firebase.googleapis.com/v1beta1/projects/niles-8df14 200
[debug] [2024-02-21T19:24:58.362Z] <<< [apiv2][body] GET https://firebase.googleapis.com/v1beta1/projects/niles-8df14 {"projectId":"niles-8df14","projectNumber":"728013158555","displayName":"NILES","name":"projects/niles-8df14","resources":{"hostingSite":"niles-8df14","storageBucket":"niles-8df14.appspot.com","locationId":"us-central"},"state":"ACTIVE","etag":"1_4087619d-2613-4d6d-b4c9-900140e5e017"}
[info] 
[info] Your public directory is the folder (relative to your project directory) that
[info] will contain Hosting assets to be uploaded with firebase deploy. If you
[info] have a build process for your assets, use your build's output directory.
[info] 
[debug] [2024-02-21T19:35:24.012Z] >>> [apiv2][query] GET https://www.gstatic.com/firebasejs/releases.json [none]
[debug] [2024-02-21T19:35:24.141Z] <<< [apiv2][status] GET https://www.gstatic.com/firebasejs/releases.json 200
[debug] [2024-02-21T19:35:24.141Z] <<< [apiv2][body] GET https://www.gstatic.com/firebasejs/releases.json {"current":{"version":"10.8.0","browserURL":"https://www.gstatic.com/firebasejs/10.8.0/firebase.js","packageURL":"https://www.gstatic.com/firebasejs/10.8.0/firebase.tgz"},"live":{"version":"10.8","browserURL":"https://www.gstatic.com/firebasejs/live/10.8/firebase.js","packageURL":"https://www.gstatic.com/firebasejs/live/10.8/firebase.tgz"},"components":{"analytics":"https://www.gstatic.com/firebasejs/10.8.0/firebase-analytics.js","app":"https://www.gstatic.com/firebasejs/10.8.0/firebase-app.js","app-check":"https://www.gstatic.com/firebasejs/10.8.0/firebase-app-check.js","auth":"https://www.gstatic.com/firebasejs/10.8.0/firebase-auth.js","auth/cordova":"https://www.gstatic.com/firebasejs/10.8.0/firebase-auth/cordova.js","auth/web-extension":"https://www.gstatic.com/firebasejs/10.8.0/firebase-auth/web-extension.js","functions":"https://www.gstatic.com/firebasejs/10.8.0/firebase-functions.js","firestore":"https://www.gstatic.com/firebasejs/10.8.0/firebase-firestore.js","firestore/lite":"https://www.gstatic.com/firebasejs/10.8.0/firebase-firestore/lite.js","installations":"https://www.gstatic.com/firebasejs/10.8.0/firebase-installations.js","storage":"https://www.gstatic.com/firebasejs/10.8.0/firebase-storage.js","performance":"https://www.gstatic.com/firebasejs/10.8.0/firebase-performance.js","remote-config":"https://www.gstatic.com/firebasejs/10.8.0/firebase-remote-config.js","messaging":"https://www.gstatic.com/firebasejs/10.8.0/firebase-messaging.js","messaging/sw":"https://www.gstatic.com/firebasejs/10.8.0/firebase-messaging/sw.js","database":"https://www.gstatic.com/firebasejs/10.8.0/firebase-database.js","firestore.memory":"https://www.gstatic.com/firebasejs/10.8.0/firebase-firestore.memory.js"}}
[info] i  Skipping write of public/index.html 
[info] 
[info] i  Detected a .git folder at /Users/jonathanmartin/Projects/python for firebase 
[info] i  Authorizing with GitHub to upload your service account to a GitHub repository's secrets store. 
[info] 
[info] Visit this URL on this device to log in:
[info] https://github.com/login/oauth/authorize?client_id=89cf50f02ac6aaed3484&state=466531371&redirect_uri=http%3A%2F%2Flocalhost%3A9005&scope=read%3Auser%20repo%20public_repo
[info] 
[info] Waiting for authentication...
[debug] [2024-02-21T19:35:54.238Z] >>> [apiv2][query] POST https://github.com/login/oauth/access_token [none]
[debug] [2024-02-21T19:35:54.238Z] >>> [apiv2][body] POST https://github.com/login/oauth/access_token [stream]
[debug] [2024-02-21T19:35:54.598Z] <<< [apiv2][status] POST https://github.com/login/oauth/access_token 200
[debug] [2024-02-21T19:35:54.598Z] <<< [apiv2][body] POST https://github.com/login/oauth/access_token {"access_token":"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","token_type":"bearer","scope":"read:user,repo"}
[debug] [2024-02-21T19:35:54.608Z] >>> [apiv2][query] GET https://api.github.com/user [none]
[debug] [2024-02-21T19:35:55.039Z] <<< [apiv2][status] GET https://api.github.com/user 200
[debug] [2024-02-21T19:35:55.039Z] <<< [apiv2][body] GET https://api.github.com/user {"login":"jontim","id":28566652,"node_id":"MDQ6VXNlcjI4NTY2NjUy","avatar_url":"https://avatars.githubusercontent.com/u/28566652?v=4","gravatar_id":"","url":"https://api.github.com/users/jontim","html_url":"https://github.com/jontim","followers_url":"https://api.github.com/users/jontim/followers","following_url":"https://api.github.com/users/jontim/following{/other_user}","gists_url":"https://api.github.com/users/jontim/gists{/gist_id}","starred_url":"https://api.github.com/users/jontim/starred{/owner}{/repo}","subscriptions_url":"https://api.github.com/users/jontim/subscriptions","organizations_url":"https://api.github.com/users/jontim/orgs","repos_url":"https://api.github.com/users/jontim/repos","events_url":"https://api.github.com/users/jontim/events{/privacy}","received_events_url":"https://api.github.com/users/jontim/received_events","type":"User","site_admin":false,"name":"Jon Martin","company":null,"blog":"","location":"San Francisco","email":"jonmartin@neuroleadership.com","hireable":null,"bio":"New to this, decided to learn to code because I always thought I'd never be able to. ","twitter_username":null,"public_repos":6,"public_gists":0,"followers":0,"following":0,"created_at":"2017-05-09T13:32:42Z","updated_at":"2024-02-21T19:35:53Z","private_gists":0,"total_private_repos":2,"owned_private_repos":2,"disk_usage":247148,"collaborators":2,"two_factor_authentication":false,"plan":{"name":"free","space":976562499,"collaborators":0,"private_repos":10000}}
[info] 
[info] ✔  Success! Logged into GitHub as jontim 
[info] 
[debug] [2024-02-21T19:38:33.577Z] >>> [apiv2][query] GET https://api.github.com/repos/jontim/niles_firebase/actions/secrets/public-key type=owner
[debug] [2024-02-21T19:38:33.914Z] <<< [apiv2][status] GET https://api.github.com/repos/jontim/niles_firebase/actions/secrets/public-key 404
[debug] [2024-02-21T19:38:33.914Z] <<< [apiv2][body] GET https://api.github.com/repos/jontim/niles_firebase/actions/secrets/public-key {"message":"Not Found","documentation_url":"https://docs.github.com/rest/actions/secrets#get-a-repository-public-key"}
[info] 
[info] 
[error] ⚠  The provided authorization cannot be used with this repository. If this repository is in an organization, did you remember to grant access? 
[info] 
[info] i  Action required: Visit this URL to ensure access has been granted to the appropriate organization(s) for the Firebase CLI GitHub OAuth App: 
[info] https://github.com/settings/connections/applications/89cf50f02ac6aaed3484
[info] 
[debug] [2024-02-21T19:41:08.053Z] >>> [apiv2][query] GET https://api.github.com/repos/jontim/niles_firebase/actions/secrets/public-key type=owner
[debug] [2024-02-21T19:41:08.300Z] <<< [apiv2][status] GET https://api.github.com/repos/jontim/niles_firebase/actions/secrets/public-key 404
[debug] [2024-02-21T19:41:08.300Z] <<< [apiv2][body] GET https://api.github.com/repos/jontim/niles_firebase/actions/secrets/public-key {"message":"Not Found","documentation_url":"https://docs.github.com/rest/actions/secrets#get-a-repository-public-key"}
[info] 
[info] 
[error] ⚠  The provided authorization cannot be used with this repository. If this repository is in an organization, did you remember to grant access? 
[info] 
[info] i  Action required: Visit this URL to ensure access has been granted to the appropriate organization(s) for the Firebase CLI GitHub OAuth App: 
[info] https://github.com/settings/connections/applications/89cf50f02ac6aaed3484
[info] 
